<?xml version="1.0" encoding="UTF-8"?>
<!-- Generated by org.testng.reporters.JUnitXMLReporter -->
<testsuite hostname="DESKTOP-HKGVMGB" ignored="9" name="Default test(failed)(failed)" tests="1" failures="1" timestamp="2020-04-05T13:56:37 IST" time="103.56" errors="0">
  <testcase name="setTimer" time="56.305" classname="com.jch.rac.tests.IDUControllerTest">
    <failure type="org.openqa.selenium.TimeoutException" message="Expected condition failed: waiting for visibility of element located by By.id: com.jch_hitachi.aircloudglobal:id/text_view_time_switch_on_after (tried for 20 second(s) with 500 milliseconds interval)">
      <![CDATA[org.openqa.selenium.TimeoutException: Expected condition failed: waiting for visibility of element located by By.id: com.jch_hitachi.aircloudglobal:id/text_view_time_switch_on_after (tried for 20 second(s) with 500 milliseconds interval)
at org.openqa.selenium.support.ui.WebDriverWait.timeoutException(WebDriverWait.java:95)
at org.openqa.selenium.support.ui.FluentWait.until(FluentWait.java:272)
at com.jch.rac.pages.SetTimerPage.checkSetTimerIsOn(SetTimerPage.java:52)
at com.jch.rac.tests.IDUControllerTest.setTimer(IDUControllerTest.java:293)
at java.util.ArrayList.forEach(Unknown Source)
Caused by: org.openqa.selenium.NoSuchElementException: An element could not be located on the page using the given search parameters.
For documentation on this error, please visit: https://www.seleniumhq.org/exceptions/no_such_element.html
Build info: version: '3.141.59', revision: 'e82be7d358', time: '2018-11-14T08:25:48'
System info: host: 'DESKTOP-HKGVMGB', ip: '192.168.1.105', os.name: 'Windows 10', os.arch: 'amd64', os.version: '10.0', java.version: '1.8.0_202'
Driver info: io.appium.java_client.android.AndroidDriver
Capabilities {appActivity: com.jch.racWiFi.SplashActivity, appPackage: com.jch_hitachi.aircloudglobal, databaseEnabled: false, desired: {appActivity: com.jch.racWiFi.SplashActivity, appPackage: com.jch_hitachi.aircloudglobal, deviceName: My Phone, noReset: true, platformName: android, platformVersion: 10.0, udid: aa179bf0}, deviceApiLevel: 29, deviceManufacturer: OnePlus, deviceModel: GM1911, deviceName: aa179bf0, deviceScreenDensity: 560, deviceScreenSize: 1440x3120, deviceUDID: aa179bf0, javascriptEnabled: true, locationContextEnabled: false, networkConnectionEnabled: true, noReset: true, pixelRatio: 3.5, platform: LINUX, platformName: Android, platformVersion: 10, statBarHeight: 128, takesScreenshot: true, udid: aa179bf0, viewportRect: {height: 2796, left: 0, top: 128, width: 1440}, warnings: {}, webStorageEnabled: false}
Session ID: 716fc83e-7bc0-4922-b992-3beb1cf62882
*** Element info: {Using=id, value=com.jch_hitachi.aircloudglobal:id/text_view_time_switch_on_after}
at org.openqa.selenium.remote.http.W3CHttpResponseCodec.createException(W3CHttpResponseCodec.java:187)
at org.openqa.selenium.remote.http.W3CHttpResponseCodec.decode(W3CHttpResponseCodec.java:122)
at org.openqa.selenium.remote.http.W3CHttpResponseCodec.decode(W3CHttpResponseCodec.java:49)
at org.openqa.selenium.remote.HttpCommandExecutor.execute(HttpCommandExecutor.java:158)
at io.appium.java_client.remote.AppiumCommandExecutor.execute(AppiumCommandExecutor.java:239)
at org.openqa.selenium.remote.RemoteWebDriver.execute(RemoteWebDriver.java:552)
at io.appium.java_client.DefaultGenericMobileDriver.execute(DefaultGenericMobileDriver.java:41)
at io.appium.java_client.AppiumDriver.execute(AppiumDriver.java:1)
at io.appium.java_client.android.AndroidDriver.execute(AndroidDriver.java:1)
at org.openqa.selenium.remote.RemoteWebDriver.findElement(RemoteWebDriver.java:323)
at io.appium.java_client.DefaultGenericMobileDriver.findElement(DefaultGenericMobileDriver.java:61)
at io.appium.java_client.AppiumDriver.findElement(AppiumDriver.java:1)
at io.appium.java_client.android.AndroidDriver.findElement(AndroidDriver.java:1)
at org.openqa.selenium.remote.RemoteWebDriver.findElementById(RemoteWebDriver.java:372)
at io.appium.java_client.DefaultGenericMobileDriver.findElementById(DefaultGenericMobileDriver.java:69)
at io.appium.java_client.AppiumDriver.findElementById(AppiumDriver.java:1)
at io.appium.java_client.android.AndroidDriver.findElementById(AndroidDriver.java:1)
at org.openqa.selenium.By$ById.findElement(By.java:188)
at org.openqa.selenium.remote.RemoteWebDriver.findElement(RemoteWebDriver.java:315)
at io.appium.java_client.DefaultGenericMobileDriver.findElement(DefaultGenericMobileDriver.java:57)
at io.appium.java_client.AppiumDriver.findElement(AppiumDriver.java:1)
at io.appium.java_client.android.AndroidDriver.findElement(AndroidDriver.java:1)
at org.openqa.selenium.support.ui.ExpectedConditions$7.apply(ExpectedConditions.java:205)
at org.openqa.selenium.support.ui.ExpectedConditions$7.apply(ExpectedConditions.java:201)
at org.openqa.selenium.support.ui.FluentWait.until(FluentWait.java:249)
... 30 more
... Removed 31 stack frames]]>
    </failure>
  </testcase> <!-- setTimer -->
  <testcase name="testMethod" time="0.0" classname="com.jch.rac.tests.IDUControllerTest">
    <ignored/>
  </testcase> <!-- testMethod -->
  <testcase name="getTheListOfDifferentIDUModes" time="0.0" classname="com.jch.rac.tests.IDUControllerTest">
    <ignored/>
  </testcase> <!-- getTheListOfDifferentIDUModes -->
  <testcase name="changeTheIDUModeToFan" time="0.0" classname="com.jch.rac.tests.IDUControllerTest">
    <ignored/>
  </testcase> <!-- changeTheIDUModeToFan -->
  <testcase name="changeTheIDUModeToHeating" time="0.0" classname="com.jch.rac.tests.IDUControllerTest">
    <ignored/>
  </testcase> <!-- changeTheIDUModeToHeating -->
  <testcase name="setFanSpeed" time="0.0" classname="com.jch.rac.tests.IDUControllerTest">
    <ignored/>
  </testcase> <!-- setFanSpeed -->
  <testcase name="setSwingType" time="0.0" classname="com.jch.rac.tests.IDUControllerTest">
    <ignored/>
  </testcase> <!-- setSwingType -->
  <testcase name="changeTheIDUModeToAuto" time="0.0" classname="com.jch.rac.tests.IDUControllerTest">
    <ignored/>
  </testcase> <!-- changeTheIDUModeToAuto -->
  <testcase name="changeTheIDUModeToCooling" time="0.0" classname="com.jch.rac.tests.IDUControllerTest">
    <ignored/>
  </testcase> <!-- changeTheIDUModeToCooling -->
  <testcase name="changeTheIDUModeToDry" time="0.0" classname="com.jch.rac.tests.IDUControllerTest">
    <ignored/>
  </testcase> <!-- changeTheIDUModeToDry -->
</testsuite> <!-- Default test(failed)(failed) -->
